<?xml version="1.0" encoding="UTF-8"?>
<!-- Generated by org.testng.reporters.JUnitReportReporter -->
<testsuite hostname="IMCPBCP37-BLL" failures="0" tests="1" name="AutomationApps.MyWebApp" time="7.456" errors="0" timestamp="2023-06-27T19:42:33 IST" skipped="0">
  <testcase classname="AutomationApps.MyWebApp" name="verifyTitle" time="7.456"/>
  <system-out/>
</testsuite> <!-- AutomationApps.MyWebApp -->
