<?xml version="1.0" encoding="UTF-8"?>
<!-- Generated by org.testng.reporters.JUnitReportReporter -->
<testsuite hostname="IMCPBCP37-BLL" failures="0" tests="1" name="AutomationApps.MyWebApp" time="53.878" errors="0" timestamp="2023-06-27T22:08:36 IST" skipped="0">
  <testcase classname="AutomationApps.MyWebApp" name="verifyTitle" time="53.878"/>
  <system-out/>
</testsuite> <!-- AutomationApps.MyWebApp -->
